0 verbose cli /usr/local/nvm/versions/node/v16.1.0/bin/node /usr/local/nvm/versions/node/v16.1.0/bin/npm
1 info using npm@8.10.0
2 info using node@v16.1.0
3 timing npm:load:whichnode Completed in 1ms
4 timing config:load:defaults Completed in 9ms
5 timing config:load:file:/usr/local/nvm/versions/node/v16.1.0/lib/node_modules/npm/npmrc Completed in 32ms
6 timing config:load:builtin Completed in 32ms
7 timing config:load:cli Completed in 19ms
8 timing config:load:env Completed in 0ms
9 timing config:load:file:/home/vvscodellc/.cache/typescript/3.8/.npmrc Completed in 0ms
10 timing config:load:project Completed in 14ms
11 timing config:load:file:/home/vvscodellc/.npmrc Completed in 1ms
12 timing config:load:user Completed in 1ms
13 timing config:load:file:/usr/local/nvm/versions/node/v16.1.0/etc/npmrc Completed in 1ms
14 timing config:load:global Completed in 2ms
15 timing config:load:validate Completed in 0ms
16 timing config:load:credentials Completed in 2ms
17 timing config:load:setEnvs Completed in 1ms
18 timing config:load Completed in 80ms
19 timing npm:load:configload Completed in 80ms
20 timing npm:load:mkdirpcache Completed in 11ms
21 timing npm:load:mkdirplogs Completed in 4ms
22 verbose title npm install types-registry@latest
23 verbose argv "install" "--ignore-scripts" "types-registry@latest"
24 timing npm:load:setTitle Completed in 6ms
25 timing config:load:flatten Completed in 13ms
26 timing npm:load:display Completed in 14ms
27 verbose logfile logs-max:10 dir:/home/vvscodellc/.npm/_logs
28 verbose logfile /home/vvscodellc/.npm/_logs/2022-05-28T20_33_42_518Z-debug-0.log
29 timing npm:load:logFile Completed in 32ms
30 timing npm:load:timers Completed in 0ms
31 timing npm:load:configScope Completed in 0ms
32 timing npm:load Completed in 149ms
33 timing arborist:ctor Completed in 11ms
34 silly logfile done cleaning log files
35 timing idealTree:init Completed in 155ms
36 timing arborist:ctor Completed in 3ms
37 http fetch GET 200 https://registry.npmjs.org/types-registry 283ms (cache revalidated)
38 timing idealTree:userRequests Completed in 319ms
39 silly idealTree buildDeps
40 silly fetch manifest types-registry@0.1.593
41 silly placeDep ROOT types-registry@0.1.593 REPLACE for:  want: 0.1.593
42 timing idealTree:#root Completed in 31ms
43 timing idealTree:node_modules/types-registry Completed in 0ms
44 timing idealTree:buildDeps Completed in 33ms
45 timing idealTree:fixDepFlags Completed in 0ms
46 timing idealTree Completed in 509ms
47 timing reify:loadTrees Completed in 510ms
48 timing reify:diffTrees Completed in 10ms
49 silly reify moves {}
50 timing reify:retireShallow Completed in 2ms
51 timing reify:createSparse Completed in 1ms
52 timing reify:loadBundles Completed in 0ms
53 silly audit bulk request {
53 silly audit   '@types/body-parser': [ '1.19.2' ],
53 silly audit   '@types/connect': [ '3.4.35' ],
53 silly audit   '@types/cookiejar': [ '2.1.2' ],
53 silly audit   '@types/express': [ '4.17.13' ],
53 silly audit   '@types/express-serve-static-core': [ '4.17.28' ],
53 silly audit   '@types/mime': [ '1.3.2' ],
53 silly audit   '@types/mocha': [ '9.1.0' ],
53 silly audit   '@types/node': [ '17.0.36' ],
53 silly audit   '@types/qs': [ '6.9.7' ],
53 silly audit   '@types/range-parser': [ '1.2.4' ],
53 silly audit   '@types/serve-static': [ '1.13.10' ],
53 silly audit   '@types/superagent': [ '4.1.15' ],
53 silly audit   '@types/supertest': [ '2.0.11' ],
53 silly audit   'types-registry': [ '0.1.593' ]
53 silly audit }
54 timing reify:unpack Completed in 1ms
55 timing reify:unretire Completed in 0ms
56 timing build:queue Completed in 0ms
57 timing build:deps Completed in 0ms
58 timing build Completed in 1ms
59 timing reify:build Completed in 1ms
60 timing reify:trash Completed in 0ms
61 timing reify:save Completed in 44ms
62 http fetch POST 200 https://registry.npmjs.org/-/npm/v1/security/advisories/bulk 96ms
63 timing auditReport:getReport Completed in 110ms
64 silly audit report {}
65 timing auditReport:init Completed in 0ms
66 timing reify:audit Completed in 111ms
67 timing reify Completed in 667ms
68 timing command:install Completed in 702ms
69 verbose exit 0
70 timing npm Completed in 1180ms
71 info ok
