0 verbose cli /usr/local/nvm/versions/node/v16.1.0/bin/node /usr/local/nvm/versions/node/v16.1.0/bin/npm
1 info using npm@8.10.0
2 info using node@v16.1.0
3 timing npm:load:whichnode Completed in 0ms
4 timing config:load:defaults Completed in 2ms
5 timing config:load:file:/usr/local/nvm/versions/node/v16.1.0/lib/node_modules/npm/npmrc Completed in 30ms
6 timing config:load:builtin Completed in 30ms
7 timing config:load:cli Completed in 12ms
8 timing config:load:env Completed in 0ms
9 timing config:load:file:/home/vvscodellc/.cache/typescript/3.8/.npmrc Completed in 1ms
10 timing config:load:project Completed in 7ms
11 timing config:load:file:/home/vvscodellc/.npmrc Completed in 0ms
12 timing config:load:user Completed in 0ms
13 timing config:load:file:/usr/local/nvm/versions/node/v16.1.0/etc/npmrc Completed in 3ms
14 timing config:load:global Completed in 3ms
15 timing config:load:validate Completed in 0ms
16 timing config:load:credentials Completed in 1ms
17 timing config:load:setEnvs Completed in 2ms
18 timing config:load Completed in 59ms
19 timing npm:load:configload Completed in 60ms
20 timing npm:load:mkdirpcache Completed in 18ms
21 timing npm:load:mkdirplogs Completed in 2ms
22 verbose title npm install types-registry@latest
23 verbose argv "install" "--ignore-scripts" "types-registry@latest"
24 timing npm:load:setTitle Completed in 3ms
25 timing config:load:flatten Completed in 11ms
26 timing npm:load:display Completed in 12ms
27 verbose logfile logs-max:10 dir:/home/vvscodellc/.npm/_logs
28 verbose logfile /home/vvscodellc/.npm/_logs/2022-05-28T21_00_11_498Z-debug-0.log
29 timing npm:load:logFile Completed in 26ms
30 timing npm:load:timers Completed in 0ms
31 timing npm:load:configScope Completed in 0ms
32 timing npm:load Completed in 121ms
33 timing arborist:ctor Completed in 2ms
34 silly logfile start cleaning logs, removing 2 files
35 silly logfile done cleaning log files
36 timing idealTree:init Completed in 235ms
37 timing arborist:ctor Completed in 0ms
38 http fetch GET 200 https://registry.npmjs.org/types-registry 316ms (cache revalidated)
39 timing idealTree:userRequests Completed in 345ms
40 silly idealTree buildDeps
41 silly fetch manifest types-registry@0.1.593
42 silly placeDep ROOT types-registry@0.1.593 REPLACE for:  want: 0.1.593
43 timing idealTree:#root Completed in 31ms
44 timing idealTree:node_modules/types-registry Completed in 0ms
45 timing idealTree:buildDeps Completed in 37ms
46 timing idealTree:fixDepFlags Completed in 1ms
47 timing idealTree Completed in 622ms
48 timing reify:loadTrees Completed in 628ms
49 timing reify:diffTrees Completed in 27ms
50 silly reify moves {}
51 timing reify:retireShallow Completed in 9ms
52 timing reify:createSparse Completed in 0ms
53 timing reify:loadBundles Completed in 0ms
54 silly audit bulk request {
54 silly audit   '@types/body-parser': [ '1.19.2' ],
54 silly audit   '@types/connect': [ '3.4.35' ],
54 silly audit   '@types/cookiejar': [ '2.1.2' ],
54 silly audit   '@types/express': [ '4.17.13' ],
54 silly audit   '@types/express-serve-static-core': [ '4.17.28' ],
54 silly audit   '@types/mime': [ '1.3.2' ],
54 silly audit   '@types/mocha': [ '9.1.0' ],
54 silly audit   '@types/node': [ '17.0.36' ],
54 silly audit   '@types/qs': [ '6.9.7' ],
54 silly audit   '@types/range-parser': [ '1.2.4' ],
54 silly audit   '@types/serve-static': [ '1.13.10' ],
54 silly audit   '@types/superagent': [ '4.1.15' ],
54 silly audit   '@types/supertest': [ '2.0.11' ],
54 silly audit   'types-registry': [ '0.1.593' ]
54 silly audit }
55 timing reify:unpack Completed in 1ms
56 timing reify:unretire Completed in 0ms
57 timing build:queue Completed in 0ms
58 timing build:deps Completed in 1ms
59 timing build Completed in 1ms
60 timing reify:build Completed in 1ms
61 timing reify:trash Completed in 0ms
62 timing reify:save Completed in 79ms
63 http fetch POST 200 https://registry.npmjs.org/-/npm/v1/security/advisories/bulk 166ms
64 timing auditReport:getReport Completed in 175ms
65 silly audit report {}
66 timing auditReport:init Completed in 0ms
67 timing reify:audit Completed in 176ms
68 timing reify Completed in 932ms
69 timing command:install Completed in 968ms
70 verbose exit 0
71 timing npm Completed in 1393ms
72 info ok
